# JRE version: Java(TM) SE Runtime Environment (22.0.2+9) (build 22.0.2+9-70)
# Java VM: Java HotSpot(TM) 64-Bit Server VM (22.0.2+9-70, mixed mode, sharing, tiered, compressed oops, compressed class ptrs, g1 gc, windows-amd64)
GC Precious Log:
 CardTable entry size: 512
 Card Set container configuration: InlinePtr #cards 4 size 8 Array Of Cards #cards 16 size 48 Howl #buckets 8 coarsen threshold 3686 Howl Bitmap #cards 512 size 80 coarsen threshold 460 Card regions per heap region 1 cards per card region 4096
 CPUs: 12 total, 12 available
 Memory: 16281M
 Large Page Support: Disabled
 NUMA Support: Disabled
 Compressed Oops: Enabled (Zero based)
 Heap Region Size: 2M
 Heap Min Capacity: 8M
 Heap Initial Capacity: 256M
 Heap Max Capacity: 4072M
 Pre-touch: Disabled
 Parallel Workers: 10
 Concurrent Workers: 3
 Concurrent Refinement Workers: 10
 Periodic GC: Disabled
Heap:
 garbage-first heap   total reserved 4169728K, committed 262144K, used 182948K [0x0000000701800000, 0x0000000800000000)
  region size 2048K, 5 young (10240K), 4 survivors (8192K)
 Metaspace       used 58138K, committed 58496K, reserved 1114112K
  class space    used 6498K, committed 6656K, reserved 1048576K
GC Heap History (20 events):
Event: 16.800 GC heap before
{Heap before GC invocations=16 (full 0):
 garbage-first heap   total reserved 4169728K, committed 102400K, used 90112K [0x0000000701800000, 0x0000000800000000)
  region size 2048K, 11 young (22528K), 2 survivors (4096K)
 Metaspace       used 44823K, committed 45184K, reserved 1114112K
  class space    used 5391K, committed 5568K, reserved 1048576K
}
Event: 16.818 GC heap after
{Heap after GC invocations=17 (full 0):
 garbage-first heap   total reserved 4169728K, committed 102400K, used 76804K [0x0000000701800000, 0x0000000800000000)
  region size 2048K, 2 young (4096K), 2 survivors (4096K)
 Metaspace       used 44823K, committed 45184K, reserved 1114112K
  class space    used 5391K, committed 5568K, reserved 1048576K
}
Event: 16.941 GC heap before
{Heap before GC invocations=18 (full 0):
 garbage-first heap   total reserved 4169728K, committed 131072K, used 89092K [0x0000000701800000, 0x0000000800000000)
  region size 2048K, 8 young (16384K), 2 survivors (4096K)
 Metaspace       used 44823K, committed 45184K, reserved 1114112K
  class space    used 5391K, committed 5568K, reserved 1048576K
}
Event: 16.945 GC heap after
{Heap after GC invocations=19 (full 0):
 garbage-first heap   total reserved 4169728K, committed 131072K, used 80177K [0x0000000701800000, 0x0000000800000000)
  region size 2048K, 1 young (2048K), 1 survivors (2048K)
 Metaspace       used 44823K, committed 45184K, reserved 1114112K
  class space    used 5391K, committed 5568K, reserved 1048576K
}
Event: 17.067 GC heap before
{Heap before GC invocations=19 (full 0):
 garbage-first heap   total reserved 4169728K, committed 131072K, used 108849K [0x0000000701800000, 0x0000000800000000)
  region size 2048K, 16 young (32768K), 1 survivors (2048K)
 Metaspace       used 44823K, committed 45184K, reserved 1114112K
  class space    used 5391K, committed 5568K, reserved 1048576K
}
Event: 17.076 GC heap after
{Heap after GC invocations=20 (full 0):
 garbage-first heap   total reserved 4169728K, committed 131072K, used 87317K [0x0000000701800000, 0x0000000800000000)
  region size 2048K, 2 young (4096K), 2 survivors (4096K)
 Metaspace       used 44823K, committed 45184K, reserved 1114112K
  class space    used 5391K, committed 5568K, reserved 1048576K
}
Event: 17.225 GC heap before
{Heap before GC invocations=20 (full 0):
 garbage-first heap   total reserved 4169728K, committed 131072K, used 113941K [0x0000000701800000, 0x0000000800000000)
  region size 2048K, 15 young (30720K), 2 survivors (4096K)
 Metaspace       used 44874K, committed 45184K, reserved 1114112K
  class space    used 5391K, committed 5568K, reserved 1048576K
}
Event: 17.235 GC heap after
{Heap after GC invocations=21 (full 0):
 garbage-first heap   total reserved 4169728K, committed 262144K, used 95040K [0x0000000701800000, 0x0000000800000000)
  region size 2048K, 2 young (4096K), 2 survivors (4096K)
 Metaspace       used 44874K, committed 45184K, reserved 1114112K
  class space    used 5391K, committed 5568K, reserved 1048576K
}
Event: 17.711 GC heap before
{Heap before GC invocations=22 (full 0):
 garbage-first heap   total reserved 4169728K, committed 262144K, used 187200K [0x0000000701800000, 0x0000000800000000)
  region size 2048K, 47 young (96256K), 2 survivors (4096K)
 Metaspace       used 44874K, committed 45184K, reserved 1114112K
  class space    used 5391K, committed 5568K, reserved 1048576K
}
Event: 17.722 GC heap after
{Heap after GC invocations=23 (full 0):
 garbage-first heap   total reserved 4169728K, committed 262144K, used 118784K [0x0000000701800000, 0x0000000800000000)
  region size 2048K, 6 young (12288K), 6 survivors (12288K)
 Metaspace       used 44874K, committed 45184K, reserved 1114112K
  class space    used 5391K, committed 5568K, reserved 1048576K
}
Event: 18.076 GC heap before
{Heap before GC invocations=23 (full 0):
 garbage-first heap   total reserved 4169728K, committed 262144K, used 196608K [0x0000000701800000, 0x0000000800000000)
  region size 2048K, 44 young (90112K), 6 survivors (12288K)
 Metaspace       used 44905K, committed 45248K, reserved 1114112K
  class space    used 5391K, committed 5568K, reserved 1048576K
}
Event: 18.088 GC heap after
{Heap after GC invocations=24 (full 0):
 garbage-first heap   total reserved 4169728K, committed 262144K, used 138448K [0x0000000701800000, 0x0000000800000000)
  region size 2048K, 6 young (12288K), 6 survivors (12288K)
 Metaspace       used 44905K, committed 45248K, reserved 1114112K
  class space    used 5391K, committed 5568K, reserved 1048576K
}
Event: 19.512 GC heap before
{Heap before GC invocations=24 (full 0):
 garbage-first heap   total reserved 4169728K, committed 262144K, used 208080K [0x0000000701800000, 0x0000000800000000)
  region size 2048K, 40 young (81920K), 6 survivors (12288K)
 Metaspace       used 46557K, committed 46848K, reserved 1114112K
  class space    used 5487K, committed 5632K, reserved 1048576K
}
Event: 19.526 GC heap after
{Heap after GC invocations=25 (full 0):
 garbage-first heap   total reserved 4169728K, committed 262144K, used 153600K [0x0000000701800000, 0x0000000800000000)
  region size 2048K, 5 young (10240K), 5 survivors (10240K)
 Metaspace       used 46557K, committed 46848K, reserved 1114112K
  class space    used 5487K, committed 5632K, reserved 1048576K
}
Event: 22.022 GC heap before
{Heap before GC invocations=26 (full 0):
 garbage-first heap   total reserved 4169728K, committed 262144K, used 217088K [0x0000000701800000, 0x0000000800000000)
  region size 2048K, 36 young (73728K), 5 survivors (10240K)
 Metaspace       used 47548K, committed 47936K, reserved 1114112K
  class space    used 5549K, committed 5696K, reserved 1048576K
}
Event: 22.037 GC heap after
{Heap after GC invocations=27 (full 0):
 garbage-first heap   total reserved 4169728K, committed 262144K, used 166912K [0x0000000701800000, 0x0000000800000000)
  region size 2048K, 5 young (10240K), 5 survivors (10240K)
 Metaspace       used 47548K, committed 47936K, reserved 1114112K
  class space    used 5549K, committed 5696K, reserved 1048576K
}
Event: 25.381 GC heap before
{Heap before GC invocations=27 (full 0):
 garbage-first heap   total reserved 4169728K, committed 262144K, used 226304K [0x0000000701800000, 0x0000000800000000)
  region size 2048K, 34 young (69632K), 5 survivors (10240K)
 Metaspace       used 51021K, committed 51392K, reserved 1114112K
  class space    used 5879K, committed 6016K, reserved 1048576K
}
Event: 25.393 GC heap after
{Heap after GC invocations=28 (full 0):
 garbage-first heap   total reserved 4169728K, committed 262144K, used 175622K [0x0000000701800000, 0x0000000800000000)
  region size 2048K, 5 young (10240K), 5 survivors (10240K)
 Metaspace       used 51021K, committed 51392K, reserved 1114112K
  class space    used 5879K, committed 6016K, reserved 1048576K
}
Event: 29.647 GC heap before
{Heap before GC invocations=28 (full 0):
 garbage-first heap   total reserved 4169728K, committed 262144K, used 230918K [0x0000000701800000, 0x0000000800000000)
  region size 2048K, 32 young (65536K), 5 survivors (10240K)
 Metaspace       used 58123K, committed 58496K, reserved 1114112K
  class space    used 6495K, committed 6656K, reserved 1048576K
}
Event: 29.657 GC heap after
{Heap after GC invocations=29 (full 0):
 garbage-first heap   total reserved 4169728K, committed 262144K, used 182948K [0x0000000701800000, 0x0000000800000000)
  region size 2048K, 4 young (8192K), 4 survivors (8192K)
 Metaspace       used 58123K, committed 58496K, reserved 1114112K
  class space    used 6495K, committed 6656K, reserved 1048576K
}

