# JRE version: Java(TM) SE Runtime Environment (22.0.2+9) (build 22.0.2+9-70)
# Java VM: Java HotSpot(TM) 64-Bit Server VM (22.0.2+9-70, mixed mode, sharing, tiered, compressed oops, compressed class ptrs, g1 gc, windows-amd64)
GC Precious Log:
 CardTable entry size: 512
 Card Set container configuration: InlinePtr #cards 4 size 8 Array Of Cards #cards 16 size 48 Howl #buckets 8 coarsen threshold 3686 Howl Bitmap #cards 512 size 80 coarsen threshold 460 Card regions per heap region 1 cards per card region 4096
 CPUs: 12 total, 12 available
 Memory: 16281M
 Large Page Support: Disabled
 NUMA Support: Disabled
 Compressed Oops: Enabled (Zero based)
 Heap Region Size: 2M
 Heap Min Capacity: 8M
 Heap Initial Capacity: 256M
 Heap Max Capacity: 4072M
 Pre-touch: Disabled
 Parallel Workers: 10
 Concurrent Workers: 3
 Concurrent Refinement Workers: 10
 Periodic GC: Disabled
Heap:
 garbage-first heap   total reserved 4169728K, committed 237568K, used 165269K [0x0000000701800000, 0x0000000800000000)
  region size 2048K, 5 young (10240K), 4 survivors (8192K)
 Metaspace       used 47247K, committed 47552K, reserved 1114112K
  class space    used 5542K, committed 5696K, reserved 1048576K
GC Heap History (20 events):
Event: 8.627 GC heap before
{Heap before GC invocations=14 (full 0):
 garbage-first heap   total reserved 4169728K, committed 96256K, used 80396K [0x0000000701800000, 0x0000000800000000)
  region size 2048K, 12 young (24576K), 2 survivors (4096K)
 Metaspace       used 44867K, committed 45184K, reserved 1114112K
  class space    used 5390K, committed 5504K, reserved 1048576K
}
Event: 8.637 GC heap after
{Heap after GC invocations=15 (full 0):
 garbage-first heap   total reserved 4169728K, committed 96256K, used 65536K [0x0000000701800000, 0x0000000800000000)
  region size 2048K, 2 young (4096K), 2 survivors (4096K)
 Metaspace       used 44867K, committed 45184K, reserved 1114112K
  class space    used 5390K, committed 5504K, reserved 1048576K
}
Event: 8.741 GC heap before
{Heap before GC invocations=16 (full 0):
 garbage-first heap   total reserved 4169728K, committed 110592K, used 83968K [0x0000000701800000, 0x0000000800000000)
  region size 2048K, 11 young (22528K), 2 survivors (4096K)
 Metaspace       used 44867K, committed 45184K, reserved 1114112K
  class space    used 5390K, committed 5504K, reserved 1048576K
}
Event: 8.749 GC heap after
{Heap after GC invocations=17 (full 0):
 garbage-first heap   total reserved 4169728K, committed 110592K, used 70638K [0x0000000701800000, 0x0000000800000000)
  region size 2048K, 2 young (4096K), 2 survivors (4096K)
 Metaspace       used 44867K, committed 45184K, reserved 1114112K
  class space    used 5390K, committed 5504K, reserved 1048576K
}
Event: 8.819 GC heap before
{Heap before GC invocations=17 (full 0):
 garbage-first heap   total reserved 4169728K, committed 110592K, used 95214K [0x0000000701800000, 0x0000000800000000)
  region size 2048K, 14 young (28672K), 2 survivors (4096K)
 Metaspace       used 44867K, committed 45184K, reserved 1114112K
  class space    used 5390K, committed 5504K, reserved 1048576K
}
Event: 8.830 GC heap after
{Heap after GC invocations=18 (full 0):
 garbage-first heap   total reserved 4169728K, committed 110592K, used 76690K [0x0000000701800000, 0x0000000800000000)
  region size 2048K, 2 young (4096K), 2 survivors (4096K)
 Metaspace       used 44867K, committed 45184K, reserved 1114112K
  class space    used 5390K, committed 5504K, reserved 1048576K
}
Event: 8.892 GC heap before
{Heap before GC invocations=18 (full 0):
 garbage-first heap   total reserved 4169728K, committed 110592K, used 97170K [0x0000000701800000, 0x0000000800000000)
  region size 2048K, 12 young (24576K), 2 survivors (4096K)
 Metaspace       used 44867K, committed 45184K, reserved 1114112K
  class space    used 5390K, committed 5504K, reserved 1048576K
}
Event: 8.899 GC heap after
{Heap after GC invocations=19 (full 0):
 garbage-first heap   total reserved 4169728K, committed 208896K, used 82565K [0x0000000701800000, 0x0000000800000000)
  region size 2048K, 2 young (4096K), 2 survivors (4096K)
 Metaspace       used 44867K, committed 45184K, reserved 1114112K
  class space    used 5390K, committed 5504K, reserved 1048576K
}
Event: 9.465 GC heap before
{Heap before GC invocations=20 (full 0):
 garbage-first heap   total reserved 4169728K, committed 208896K, used 158341K [0x0000000701800000, 0x0000000800000000)
  region size 2048K, 40 young (81920K), 2 survivors (4096K)
 Metaspace       used 44885K, committed 45184K, reserved 1114112K
  class space    used 5390K, committed 5504K, reserved 1048576K
}
Event: 9.478 GC heap after
{Heap after GC invocations=21 (full 0):
 garbage-first heap   total reserved 4169728K, committed 208896K, used 102927K [0x0000000701800000, 0x0000000800000000)
  region size 2048K, 5 young (10240K), 5 survivors (10240K)
 Metaspace       used 44885K, committed 45184K, reserved 1114112K
  class space    used 5390K, committed 5504K, reserved 1048576K
}
Event: 9.694 GC heap before
{Heap before GC invocations=21 (full 0):
 garbage-first heap   total reserved 4169728K, committed 208896K, used 160271K [0x0000000701800000, 0x0000000800000000)
  region size 2048K, 33 young (67584K), 5 survivors (10240K)
 Metaspace       used 44885K, committed 45184K, reserved 1114112K
  class space    used 5390K, committed 5504K, reserved 1048576K
}
Event: 9.707 GC heap after
{Heap after GC invocations=22 (full 0):
 garbage-first heap   total reserved 4169728K, committed 208896K, used 118330K [0x0000000701800000, 0x0000000800000000)
  region size 2048K, 5 young (10240K), 5 survivors (10240K)
 Metaspace       used 44885K, committed 45184K, reserved 1114112K
  class space    used 5390K, committed 5504K, reserved 1048576K
}
Event: 9.980 GC heap before
{Heap before GC invocations=22 (full 0):
 garbage-first heap   total reserved 4169728K, committed 208896K, used 171578K [0x0000000701800000, 0x0000000800000000)
  region size 2048K, 31 young (63488K), 5 survivors (10240K)
 Metaspace       used 44918K, committed 45184K, reserved 1114112K
  class space    used 5390K, committed 5504K, reserved 1048576K
}
Event: 9.991 GC heap after
{Heap after GC invocations=23 (full 0):
 garbage-first heap   total reserved 4169728K, committed 208896K, used 134144K [0x0000000701800000, 0x0000000800000000)
  region size 2048K, 4 young (8192K), 4 survivors (8192K)
 Metaspace       used 44918K, committed 45184K, reserved 1114112K
  class space    used 5390K, committed 5504K, reserved 1048576K
}
Event: 10.184 GC heap before
{Heap before GC invocations=24 (full 0):
 garbage-first heap   total reserved 4169728K, committed 225280K, used 179200K [0x0000000701800000, 0x0000000800000000)
  region size 2048K, 26 young (53248K), 4 survivors (8192K)
 Metaspace       used 44918K, committed 45184K, reserved 1114112K
  class space    used 5390K, committed 5504K, reserved 1048576K
}
Event: 10.192 GC heap after
{Heap after GC invocations=25 (full 0):
 garbage-first heap   total reserved 4169728K, committed 225280K, used 146627K [0x0000000701800000, 0x0000000800000000)
  region size 2048K, 4 young (8192K), 4 survivors (8192K)
 Metaspace       used 44918K, committed 45184K, reserved 1114112K
  class space    used 5390K, committed 5504K, reserved 1048576K
}
Event: 12.148 GC heap before
{Heap before GC invocations=25 (full 0):
 garbage-first heap   total reserved 4169728K, committed 225280K, used 195779K [0x0000000701800000, 0x0000000800000000)
  region size 2048K, 28 young (57344K), 4 survivors (8192K)
 Metaspace       used 46619K, committed 46976K, reserved 1114112K
  class space    used 5482K, committed 5632K, reserved 1048576K
}
Event: 12.161 GC heap after
{Heap after GC invocations=26 (full 0):
 garbage-first heap   total reserved 4169728K, committed 225280K, used 155648K [0x0000000701800000, 0x0000000800000000)
  region size 2048K, 4 young (8192K), 4 survivors (8192K)
 Metaspace       used 46619K, committed 46976K, reserved 1114112K
  class space    used 5482K, committed 5632K, reserved 1048576K
}
Event: 13.323 GC heap before
{Heap before GC invocations=26 (full 0):
 garbage-first heap   total reserved 4169728K, committed 225280K, used 198656K [0x0000000701800000, 0x0000000800000000)
  region size 2048K, 25 young (51200K), 4 survivors (8192K)
 Metaspace       used 47214K, committed 47552K, reserved 1114112K
  class space    used 5539K, committed 5696K, reserved 1048576K
}
Event: 13.339 GC heap after
{Heap after GC invocations=27 (full 0):
 garbage-first heap   total reserved 4169728K, committed 225280K, used 165269K [0x0000000701800000, 0x0000000800000000)
  region size 2048K, 4 young (8192K), 4 survivors (8192K)
 Metaspace       used 47214K, committed 47552K, reserved 1114112K
  class space    used 5539K, committed 5696K, reserved 1048576K
}

