# JRE version: Java(TM) SE Runtime Environment (22.0.2+9) (build 22.0.2+9-70)
# Java VM: Java HotSpot(TM) 64-Bit Server VM (22.0.2+9-70, mixed mode, sharing, tiered, compressed oops, compressed class ptrs, g1 gc, windows-amd64)
GC Precious Log:
 CardTable entry size: 512
 Card Set container configuration: InlinePtr #cards 4 size 8 Array Of Cards #cards 16 size 48 Howl #buckets 8 coarsen threshold 3686 Howl Bitmap #cards 512 size 80 coarsen threshold 460 Card regions per heap region 1 cards per card region 4096
 CPUs: 12 total, 12 available
 Memory: 16281M
 Large Page Support: Disabled
 NUMA Support: Disabled
 Compressed Oops: Enabled (Zero based)
 Heap Region Size: 2M
 Heap Min Capacity: 8M
 Heap Initial Capacity: 256M
 Heap Max Capacity: 4072M
 Pre-touch: Disabled
 Parallel Workers: 10
 Concurrent Workers: 3
 Concurrent Refinement Workers: 10
 Periodic GC: Disabled
Heap:
 garbage-first heap   total reserved 4169728K, committed 311296K, used 205628K [0x0000000701800000, 0x0000000800000000)
  region size 2048K, 11 young (22528K), 5 survivors (10240K)
 Metaspace       used 66625K, committed 67072K, reserved 1114112K
  class space    used 7305K, committed 7488K, reserved 1048576K
GC Heap History (20 events):
Event: 14.648 GC heap before
{Heap before GC invocations=16 (full 0):
 garbage-first heap   total reserved 4169728K, committed 153600K, used 128604K [0x0000000701800000, 0x0000000800000000)
  region size 2048K, 22 young (45056K), 4 survivors (8192K)
 Metaspace       used 44888K, committed 45184K, reserved 1114112K
  class space    used 5388K, committed 5504K, reserved 1048576K
}
Event: 14.659 GC heap after
{Heap after GC invocations=17 (full 0):
 garbage-first heap   total reserved 4169728K, committed 153600K, used 102400K [0x0000000701800000, 0x0000000800000000)
  region size 2048K, 3 young (6144K), 3 survivors (6144K)
 Metaspace       used 44888K, committed 45184K, reserved 1114112K
  class space    used 5388K, committed 5504K, reserved 1048576K
}
Event: 14.893 GC heap before
{Heap before GC invocations=17 (full 0):
 garbage-first heap   total reserved 4169728K, committed 153600K, used 133120K [0x0000000701800000, 0x0000000800000000)
  region size 2048K, 18 young (36864K), 3 survivors (6144K)
 Metaspace       used 44888K, committed 45184K, reserved 1114112K
  class space    used 5388K, committed 5504K, reserved 1048576K
}
Event: 14.900 GC heap after
{Heap after GC invocations=18 (full 0):
 garbage-first heap   total reserved 4169728K, committed 153600K, used 109287K [0x0000000701800000, 0x0000000800000000)
  region size 2048K, 3 young (6144K), 3 survivors (6144K)
 Metaspace       used 44888K, committed 45184K, reserved 1114112K
  class space    used 5388K, committed 5504K, reserved 1048576K
}
Event: 15.039 GC heap before
{Heap before GC invocations=18 (full 0):
 garbage-first heap   total reserved 4169728K, committed 153600K, used 135911K [0x0000000701800000, 0x0000000800000000)
  region size 2048K, 16 young (32768K), 3 survivors (6144K)
 Metaspace       used 44888K, committed 45184K, reserved 1114112K
  class space    used 5388K, committed 5504K, reserved 1048576K
}
Event: 15.045 GC heap after
{Heap after GC invocations=19 (full 0):
 garbage-first heap   total reserved 4169728K, committed 153600K, used 116426K [0x0000000701800000, 0x0000000800000000)
  region size 2048K, 2 young (4096K), 2 survivors (4096K)
 Metaspace       used 44888K, committed 45184K, reserved 1114112K
  class space    used 5388K, committed 5504K, reserved 1048576K
}
Event: 15.288 GC heap before
{Heap before GC invocations=20 (full 0):
 garbage-first heap   total reserved 4169728K, committed 194560K, used 136906K [0x0000000701800000, 0x0000000800000000)
  region size 2048K, 12 young (24576K), 2 survivors (4096K)
 Metaspace       used 44916K, committed 45184K, reserved 1114112K
  class space    used 5388K, committed 5504K, reserved 1048576K
}
Event: 15.294 GC heap after
{Heap after GC invocations=21 (full 0):
 garbage-first heap   total reserved 4169728K, committed 194560K, used 122880K [0x0000000701800000, 0x0000000800000000)
  region size 2048K, 2 young (4096K), 2 survivors (4096K)
 Metaspace       used 44916K, committed 45184K, reserved 1114112K
  class space    used 5388K, committed 5504K, reserved 1048576K
}
Event: 15.452 GC heap before
{Heap before GC invocations=21 (full 0):
 garbage-first heap   total reserved 4169728K, committed 194560K, used 165888K [0x0000000701800000, 0x0000000800000000)
  region size 2048K, 23 young (47104K), 2 survivors (4096K)
 Metaspace       used 44916K, committed 45184K, reserved 1114112K
  class space    used 5388K, committed 5504K, reserved 1048576K
}
Event: 15.461 GC heap after
{Heap after GC invocations=22 (full 0):
 garbage-first heap   total reserved 4169728K, committed 276480K, used 131072K [0x0000000701800000, 0x0000000800000000)
  region size 2048K, 3 young (6144K), 3 survivors (6144K)
 Metaspace       used 44916K, committed 45184K, reserved 1114112K
  class space    used 5388K, committed 5504K, reserved 1048576K
}
Event: 17.327 GC heap before
{Heap before GC invocations=22 (full 0):
 garbage-first heap   total reserved 4169728K, committed 276480K, used 221184K [0x0000000701800000, 0x0000000800000000)
  region size 2048K, 47 young (96256K), 3 survivors (6144K)
 Metaspace       used 46101K, committed 46400K, reserved 1114112K
  class space    used 5438K, committed 5568K, reserved 1048576K
}
Event: 17.339 GC heap after
{Heap after GC invocations=23 (full 0):
 garbage-first heap   total reserved 4169728K, committed 276480K, used 153287K [0x0000000701800000, 0x0000000800000000)
  region size 2048K, 6 young (12288K), 6 survivors (12288K)
 Metaspace       used 46101K, committed 46400K, reserved 1114112K
  class space    used 5438K, committed 5568K, reserved 1048576K
}
Event: 20.403 GC heap before
{Heap before GC invocations=24 (full 0):
 garbage-first heap   total reserved 4169728K, committed 276480K, used 227015K [0x0000000701800000, 0x0000000800000000)
  region size 2048K, 42 young (86016K), 6 survivors (12288K)
 Metaspace       used 47594K, committed 47936K, reserved 1114112K
  class space    used 5548K, committed 5696K, reserved 1048576K
}
Event: 20.417 GC heap after
{Heap after GC invocations=25 (full 0):
 garbage-first heap   total reserved 4169728K, committed 276480K, used 167936K [0x0000000701800000, 0x0000000800000000)
  region size 2048K, 6 young (12288K), 6 survivors (12288K)
 Metaspace       used 47594K, committed 47936K, reserved 1114112K
  class space    used 5548K, committed 5696K, reserved 1048576K
}
Event: 22.551 GC heap before
{Heap before GC invocations=25 (full 0):
 garbage-first heap   total reserved 4169728K, committed 276480K, used 235520K [0x0000000701800000, 0x0000000800000000)
  region size 2048K, 39 young (79872K), 6 survivors (12288K)
 Metaspace       used 51479K, committed 51904K, reserved 1114112K
  class space    used 5892K, committed 6080K, reserved 1048576K
}
Event: 22.568 GC heap after
{Heap after GC invocations=26 (full 0):
 garbage-first heap   total reserved 4169728K, committed 276480K, used 176563K [0x0000000701800000, 0x0000000800000000)
  region size 2048K, 5 young (10240K), 5 survivors (10240K)
 Metaspace       used 51479K, committed 51904K, reserved 1114112K
  class space    used 5892K, committed 6080K, reserved 1048576K
}
Event: 24.742 GC heap before
{Heap before GC invocations=26 (full 0):
 garbage-first heap   total reserved 4169728K, committed 276480K, used 240051K [0x0000000701800000, 0x0000000800000000)
  region size 2048K, 36 young (73728K), 5 survivors (10240K)
 Metaspace       used 60617K, committed 60992K, reserved 1114112K
  class space    used 6666K, committed 6848K, reserved 1048576K
}
Event: 24.753 GC heap after
{Heap after GC invocations=27 (full 0):
 garbage-first heap   total reserved 4169728K, committed 276480K, used 184568K [0x0000000701800000, 0x0000000800000000)
  region size 2048K, 4 young (8192K), 4 survivors (8192K)
 Metaspace       used 60617K, committed 60992K, reserved 1114112K
  class space    used 6666K, committed 6848K, reserved 1048576K
}
Event: 26.530 GC heap before
{Heap before GC invocations=28 (full 0):
 garbage-first heap   total reserved 4169728K, committed 311296K, used 246008K [0x0000000701800000, 0x0000000800000000)
  region size 2048K, 34 young (69632K), 4 survivors (8192K)
 Metaspace       used 64314K, committed 64768K, reserved 1114112K
  class space    used 7039K, committed 7232K, reserved 1048576K
}
Event: 26.544 GC heap after
{Heap after GC invocations=29 (full 0):
 garbage-first heap   total reserved 4169728K, committed 311296K, used 195388K [0x0000000701800000, 0x0000000800000000)
  region size 2048K, 5 young (10240K), 5 survivors (10240K)
 Metaspace       used 64314K, committed 64768K, reserved 1114112K
  class space    used 7039K, committed 7232K, reserved 1048576K
}

